<?xml version="1.0" encoding="UTF-8"?>
<!-- Generated by org.testng.reporters.JUnitReportReporter -->
<testsuite hostname="Govi-PC" failures="0" tests="1" name="TestCases.TC001_VerifyAccountRegistration" time="2.113" errors="0" timestamp="2024-11-28T00:43:21 IST" skipped="0">
  <testcase classname="TestCases.TC001_VerifyAccountRegistration" name="VerifyRegistrationFunctionality" time="2.113"/>
</testsuite> <!-- TestCases.TC001_VerifyAccountRegistration -->
