<?xml version="1.0" encoding="UTF-8"?>
<!-- Generated by org.testng.reporters.JUnitReportReporter -->
<testsuite hostname="Govi-PC" failures="0" tests="1" name="TestCases.TC001_AccountRegistration" time="3.818" errors="0" timestamp="2024-11-27T10:23:02 IST" skipped="0">
  <testcase classname="TestCases.TC001_AccountRegistration" name="VerifyRegistrationFunctionality" time="3.818"/>
</testsuite> <!-- TestCases.TC001_AccountRegistration -->
