<?xml version="1.0" encoding="UTF-8"?>
<!-- Generated by org.testng.reporters.JUnitReportReporter -->
<testsuite hostname="Govi-PC" failures="0" tests="1" name="TestCases.TC001_VerifyLoginFunctionality" time="1.228" errors="0" timestamp="2024-11-27T18:13:17 IST" skipped="0">
  <testcase classname="TestCases.TC001_VerifyLoginFunctionality" name="Verify_LoginFunctionality" time="1.228"/>
</testsuite> <!-- TestCases.TC001_VerifyLoginFunctionality -->
