<?xml version="1.0" encoding="UTF-8"?>
<!-- Generated by org.testng.reporters.JUnitReportReporter -->
<testsuite hostname="Govi-PC" failures="0" tests="1" name="TestCases.TC002_VerifyLoginFunctionality" time="1.324" errors="0" timestamp="2024-11-28T01:37:03 IST" skipped="0">
  <testcase classname="TestCases.TC002_VerifyLoginFunctionality" name="Verify_LoginFunctionality" time="1.324"/>
</testsuite> <!-- TestCases.TC002_VerifyLoginFunctionality -->
