<?xml version="1.0" encoding="UTF-8"?>
<!-- Generated by org.testng.reporters.JUnitReportReporter -->
<testsuite hostname="Govi-PC" failures="0" tests="1" name="TestCases.TC003_VerifyProductSearchFunctionality" time="2.713" errors="0" timestamp="2024-11-28T01:34:23 IST" skipped="0">
  <testcase classname="TestCases.TC003_VerifyProductSearchFunctionality" name="VerifyProductSearchFunctionality" time="2.713"/>
</testsuite> <!-- TestCases.TC003_VerifyProductSearchFunctionality -->
