<?xml version="1.0" encoding="UTF-8"?>
<!-- Generated by org.testng.reporters.JUnitReportReporter -->
<testsuite hostname="Govi-PC" failures="0" tests="1" name="TestCases.TC001_AccountRegistration" time="2.647" errors="0" timestamp="2024-11-27T00:48:49 IST" skipped="0">
  <testcase classname="TestCases.TC001_AccountRegistration" name="VerifyRegistrationFunctionality" time="2.647"/>
</testsuite> <!-- TestCases.TC001_AccountRegistration -->
